<?xml version="1.0" encoding="UTF-8"?>
<testng-results skipped="0" failed="0" total="3" passed="3">
  <reporter-output>
  </reporter-output>
  <suite name="Surefire suite" duration-ms="39605" started-at="2022-10-20T12:25:47Z" finished-at="2022-10-20T12:26:27Z">
    <groups>
    </groups>
    <test name="Surefire test" duration-ms="39605" started-at="2022-10-20T12:25:47Z" finished-at="2022-10-20T12:26:27Z">
      <class name="casestudy.casestudy">
        <test-method status="PASS" signature="BT()[pri:0, instance:casestudy.casestudy@475530b9]" name="BT" is-config="true" duration-ms="17282" started-at="2022-10-20T17:55:47Z" finished-at="2022-10-20T17:56:05Z">
          <reporter-output>
          </reporter-output>
        </test-method> <!-- BT -->
        <test-method status="PASS" signature="testcase1()[pri:0, instance:casestudy.casestudy@475530b9]" name="testcase1" duration-ms="3695" started-at="2022-10-20T17:56:05Z" finished-at="2022-10-20T17:56:08Z">
          <reporter-output>
          </reporter-output>
        </test-method> <!-- testcase1 -->
        <test-method status="PASS" signature="testcase2()[pri:1, instance:casestudy.casestudy@475530b9]" name="testcase2" duration-ms="432" started-at="2022-10-20T17:56:08Z" finished-at="2022-10-20T17:56:09Z">
          <reporter-output>
          </reporter-output>
        </test-method> <!-- testcase2 -->
        <test-method status="PASS" signature="testcase3()[pri:2, instance:casestudy.casestudy@475530b9]" name="testcase3" duration-ms="16931" started-at="2022-10-20T17:56:09Z" finished-at="2022-10-20T17:56:26Z">
          <reporter-output>
          </reporter-output>
        </test-method> <!-- testcase3 -->
        <test-method status="PASS" signature="AT()[pri:0, instance:casestudy.casestudy@475530b9]" name="AT" is-config="true" duration-ms="1202" started-at="2022-10-20T17:56:26Z" finished-at="2022-10-20T17:56:27Z">
          <reporter-output>
          </reporter-output>
        </test-method> <!-- AT -->
      </class> <!-- casestudy.casestudy -->
    </test> <!-- Surefire test -->
  </suite> <!-- Surefire suite -->
</testng-results>
