<?xml version="1.0" encoding="UTF-8"?>
<testng-results total="1" passed="1" failed="0" skipped="0">
  <reporter-output>
  </reporter-output>
  <suite started-at="2022-10-27T03:16:11Z" name="Default suite" finished-at="2022-10-27T03:16:49Z" duration-ms="37937">
    <groups>
    </groups>
    <test started-at="2022-10-27T03:16:11Z" name="Default test" finished-at="2022-10-27T03:16:49Z" duration-ms="37937">
      <class name="casestudy.wh2">
        <test-method signature="testcase1()[pri:0, instance:casestudy.wh2@5a3bc7ed]" started-at="2022-10-27T08:46:11Z" name="testcase1" finished-at="2022-10-27T08:46:49Z" duration-ms="37702" status="PASS">
          <reporter-output>
          </reporter-output>
        </test-method> <!-- testcase1 -->
      </class> <!-- casestudy.wh2 -->
    </test> <!-- Default test -->
  </suite> <!-- Default suite -->
</testng-results>
